<?xml version="1.0" encoding="UTF-8"?>
<testsuite xmlns:xsi="http://www.w3.org/2001/XMLSchema-instance" xsi:noNamespaceSchemaLocation="https://maven.apache.org/surefire/maven-surefire-plugin/xsd/surefire-test-report.xsd" version="3.0.2" name="com.bpm.DocumentServiceTest" time="0.039" tests="5" errors="0" skipped="0" failures="0">
  <properties>
[...]
</properties>
  <testcase name="editorConfig_signedToken_urlsUseCallbackHost" classname="com.bpm.DocumentServiceTest" time="0.013">
    <system-out><![CDATA[2026-06-28T14:38:31.134+07:00  INFO 32208 --- [bpm-platform-backend] [           main] t.c.s.AnnotationConfigContextLoaderUtils : Could not detect default configuration classes for test class [com.bpm.DocumentServiceTest]: DocumentServiceTest does not declare any static, non-private, non-final, nested classes annotated with @Configuration.
2026-06-28T14:38:31.135+07:00  INFO 32208 --- [bpm-platform-backend] [           main] .b.t.c.SpringBootTestContextBootstrapper : Found @SpringBootConfiguration com.bpm.BpmApplication for test class com.bpm.DocumentServiceTest
]]></system-out>
  </testcase>
  <testcase name="callback_nonSaveStatus_isNoop" classname="com.bpm.DocumentServiceTest" time="0.007"/>
  <testcase name="contentToken_roundTrip_rejectsTampered" classname="com.bpm.DocumentServiceTest" time="0.004"/>
  <testcase name="sign_thenArchive_statusTransitions" classname="com.bpm.DocumentServiceTest" time="0.006"/>
  <testcase name="create_makesV1_fromBlankTemplate" classname="com.bpm.DocumentServiceTest" time="0.006"/>
</testsuite>